<?xml version="1.0" encoding="UTF-8"?>
<!-- Generated by org.testng.reporters.JUnitXMLReporter -->
<testsuite ignored="0" hostname="LAPTOP-8HVGFV97" failures="0" tests="5" name="Default test" time="33.729" errors="0" timestamp="2022-02-11T20:50:40 IST">
  <testcase classname="databaseTesting.databaseTesting.jdbcconnection" name="test" time="5.834"/>
  <testcase classname="databaseTesting.databaseTesting.jdbcconnection" name="test" time="6.678"/>
  <testcase classname="databaseTesting.databaseTesting.jdbcconnection" name="test" time="6.786"/>
  <testcase classname="databaseTesting.databaseTesting.jdbcconnection" name="test" time="6.358"/>
  <testcase classname="databaseTesting.databaseTesting.jdbcconnection" name="test" time="7.503"/>
</testsuite> <!-- Default test -->
