<?xml version="1.0" encoding="UTF-8"?>
<testng-results ignored="0" total="5" passed="5" failed="0" skipped="0">
  <reporter-output>
  </reporter-output>
  <suite started-at="2022-02-11T20:50:07 IST" name="Default suite" finished-at="2022-02-11T20:50:40 IST" duration-ms="33729">
    <groups>
    </groups>
    <test started-at="2022-02-11T20:50:07 IST" name="Default test" finished-at="2022-02-11T20:50:40 IST" duration-ms="33729">
      <class name="databaseTesting.databaseTesting.jdbcconnection">
        <test-method signature="test(java.lang.String,java.lang.String)[pri:0, instance:databaseTesting.databaseTesting.jdbcconnection@32ee6fee]" started-at="2022-02-11T20:50:07 IST" name="test" data-provider="Data" finished-at="2022-02-11T20:50:13 IST" duration-ms="5834" status="PASS">
          <params>
            <param index="0">
              <value>
                <![CDATA[zerobcc]]>
              </value>
            </param>
            <param index="1">
              <value>
                <![CDATA[1234ee]]>
              </value>
            </param>
          </params>
          <reporter-output>
          </reporter-output>
        </test-method> <!-- test -->
        <test-method signature="test(java.lang.String,java.lang.String)[pri:0, instance:databaseTesting.databaseTesting.jdbcconnection@32ee6fee]" started-at="2022-02-11T20:50:13 IST" name="test" data-provider="Data" finished-at="2022-02-11T20:50:20 IST" duration-ms="6678" status="PASS">
          <params>
            <param index="0">
              <value>
                <![CDATA[osbcc]]>
              </value>
            </param>
            <param index="1">
              <value>
                <![CDATA[12344ee]]>
              </value>
            </param>
          </params>
          <reporter-output>
          </reporter-output>
        </test-method> <!-- test -->
        <test-method signature="test(java.lang.String,java.lang.String)[pri:0, instance:databaseTesting.databaseTesting.jdbcconnection@32ee6fee]" started-at="2022-02-11T20:50:20 IST" name="test" data-provider="Data" finished-at="2022-02-11T20:50:27 IST" duration-ms="6786" status="PASS">
          <params>
            <param index="0">
              <value>
                <![CDATA[rcdbcc]]>
              </value>
            </param>
            <param index="1">
              <value>
                <![CDATA[122234ee]]>
              </value>
            </param>
          </params>
          <reporter-output>
          </reporter-output>
        </test-method> <!-- test -->
        <test-method signature="test(java.lang.String,java.lang.String)[pri:0, instance:databaseTesting.databaseTesting.jdbcconnection@32ee6fee]" started-at="2022-02-11T20:50:27 IST" name="test" data-provider="Data" finished-at="2022-02-11T20:50:33 IST" duration-ms="6358" status="PASS">
          <params>
            <param index="0">
              <value>
                <![CDATA[scbcc]]>
              </value>
            </param>
            <param index="1">
              <value>
                <![CDATA[123444ee]]>
              </value>
            </param>
          </params>
          <reporter-output>
          </reporter-output>
        </test-method> <!-- test -->
        <test-method signature="test(java.lang.String,java.lang.String)[pri:0, instance:databaseTesting.databaseTesting.jdbcconnection@32ee6fee]" started-at="2022-02-11T20:50:33 IST" name="test" data-provider="Data" finished-at="2022-02-11T20:50:40 IST" duration-ms="7503" status="PASS">
          <params>
            <param index="0">
              <value>
                <![CDATA[bsbcc]]>
              </value>
            </param>
            <param index="1">
              <value>
                <![CDATA[123234ee]]>
              </value>
            </param>
          </params>
          <reporter-output>
          </reporter-output>
        </test-method> <!-- test -->
      </class> <!-- databaseTesting.databaseTesting.jdbcconnection -->
    </test> <!-- Default test -->
  </suite> <!-- Default suite -->
</testng-results>
